RUN	simulations.Divorce	divorce	1560953002332	 	3.1.1
USER	Basic Divorce	1	START	1560953006995	1560953006995
REQUEST	1		Create IDAM users	1560953007082	1560953018479	OK	 
REQUEST	1		 DIV01_005_LandingPage	1560953018508	1560953018690	OK	 
REQUEST	1		 DIV01_005_LandingPage Redirect 1	1560953018712	1560953019138	OK	 
REQUEST	1		DIV_20_SubmitLogin	1560953026158	1560953026262	OK	 
REQUEST	1		DIV_20_SubmitLogin Redirect 1	1560953026266	1560953026615	OK	 
REQUEST	1		DIV_20_SubmitLogin Redirect 2	1560953026627	1560953027508	OK	 
REQUEST	1		DIV01_030_HasYourMarriageBroken	1560953027548	1560953027869	OK	 
REQUEST	1		DIV01_030_HasYourMarriageBroken Redirect 1	1560953027870	1560953028061	OK	 
REQUEST	1		DIV01_040_RespondantAddress	1560953035046	1560953035266	OK	 
REQUEST	1		DIV01_040_RespondantAddress Redirect 1	1560953035268	1560953035512	OK	 
REQUEST	1		DIV01_050_MarriageCertificate	1560953042503	1560953042764	OK	 
REQUEST	1		DIV01_050_MarriageCertificate Redirect 1	1560953042765	1560953043008	KO	currentLocation.find.is(https://div-pfe-aat.service.core-compute-aat.internal/pay/help/need-help), but actually found https://div-pfe-aat.service.core-compute-aat.internal/screening-questions/financial-remedy
REQUEST	1		DIV_60_NeedHelpWithFeesYes	1560953050001	1560953050193	OK	 
REQUEST	1		DIV_60_NeedHelpWithFeesYes Redirect 1	1560953050194	1560953050479	OK	 
REQUEST	1		DIV_70_HelpWithFees	1560953057495	1560953057910	OK	 
REQUEST	1		DIV_70_HelpWithFees Redirect 1	1560953057912	1560953058134	OK	 
REQUEST	1		DIV01_080_AboutMarriageDetails	1560953065132	1560953065339	OK	 
REQUEST	1		DIV01_080_AboutMarriageDetails Redirect 1	1560953065341	1560953065588	OK	 
REQUEST	1		DIV01_090_DateOfMarriage	1560953072593	1560953072936	OK	 
REQUEST	1		DIV01_090_DateOfMarriage Redirect 1	1560953072938	1560953073139	OK	 
REQUEST	1		DIV01_100_MarriageInTheUK	1560953080145	1560953080351	OK	 
REQUEST	1		DIV01_100_MarriageInTheUK Redirect 1	1560953080353	1560953080719	OK	 
REQUEST	1		DIV01_110_MarriageCertificate	1560953087715	1560953087985	OK	 
REQUEST	1		DIV01_110_MarriageCertificate Redirect 1	1560953087988	1560953088203	OK	 
REQUEST	1		DIV01_120_ForeignCertificate	1560953095201	1560953095411	OK	 
REQUEST	1		DIV01_120_ForeignCertificate Redirect 1	1560953095412	1560953095629	OK	 
REQUEST	1		DIV01_130_HabitualResidence	1560953102633	1560953102825	OK	 
REQUEST	1		DIV01_130_HabitualResidence Redirect 1	1560953102826	1560953103054	OK	 
REQUEST	1		DIV01_140_Domicile	1560953110052	1560953110327	OK	 
REQUEST	1		DIV01_140_Domicile Redirect 1	1560953110327	1560953110613	OK	 
REQUEST	1		DIV01_150_LastHabitualResidence	1560953117617	1560953117828	OK	 
REQUEST	1		DIV01_150_LastHabitualResidence Redirect 1	1560953117828	1560953118093	OK	 
REQUEST	1		DIV01_160_Interstitial	1560953125096	1560953125319	OK	 
REQUEST	1		DIV01_160_Interstitial Redirect 1	1560953125321	1560953125602	OK	 
REQUEST	1		DIV01_170_Confidential	1560953132607	1560953133048	OK	 
REQUEST	1		DIV01_170_Confidential Redirect 1	1560953133050	1560953133286	OK	 
REQUEST	1		DIV01_180_PetitionRespondantNames	1560953140283	1560953140531	OK	 
REQUEST	1		DIV01_180_PetitionRespondantNames Redirect 1	1560953140533	1560953140756	OK	 
REQUEST	1		DIV01_190_NamesOnCertificate	1560953147751	1560953148024	OK	 
REQUEST	1		DIV01_190_NamesOnCertificate Redirect 1	1560953148025	1560953148251	OK	 
REQUEST	1		DIV01_200_ChangeName	1560953155266	1560953155468	OK	 
REQUEST	1		DIV01_200_ChangeName Redirect 1	1560953155470	1560953155664	OK	 
REQUEST	1		DIV01_210_RespondantContactDetails	1560953162644	1560953162828	OK	 
REQUEST	1		DIV01_210_RespondantContactDetails Redirect 1	1560953162830	1560953163095	OK	 
REQUEST	1		DIV01_220_RespondantAddress	1560953170107	1560953170435	OK	 
REQUEST	1		DIV01_220_RespondantAddress Redirect 1	1560953170437	1560953170802	OK	 
REQUEST	1		DIV01_230_Resp_PostCodeToSendPetition	1560953177815	1560953178010	OK	 
REQUEST	1		DIV01_230_Resp_PostCodeToSendPetition Redirect 1	1560953178011	1560953178273	OK	 
REQUEST	1		DIV01_240_Resp_AddressToSendPetition	1560953185262	1560953185442	OK	 
REQUEST	1		DIV01_240_Resp_AddressToSendPetition Redirect 1	1560953185445	1560953185679	OK	 
REQUEST	1		DIV01_250_CorrHomeAddress	1560953192695	1560953192861	OK	 
REQUEST	1		DIV01_250_CorrHomeAddress Redirect 1	1560953192863	1560953193054	OK	 
REQUEST	1		DIV01_260_LiveTogether	1560953200046	1560953200240	OK	 
REQUEST	1		DIV01_260_LiveTogether Redirect 1	1560953200242	1560953200473	OK	 
REQUEST	1		DIV01_270_UseHomeAddress	1560953207463	1560953207639	OK	 
REQUEST	1		DIV01_270_UseHomeAddress Redirect 1	1560953207641	1560953207949	OK	 
REQUEST	1		DIV01_280_ReasonForDivorce	1560953214954	1560953215172	OK	 
REQUEST	1		DIV01_280_ReasonForDivorce Redirect 1	1560953215174	1560953215391	OK	 
REQUEST	1		DIV01_290_Behavioural_Reason	1560953222392	1560953222573	OK	 
REQUEST	1		DIV01_290_Behavioural_Reason Redirect 1	1560953222575	1560953222868	OK	 
REQUEST	1		DIV01_370_About-Divorce_Legal-Proceedings	1560953229876	1560953230097	OK	 
REQUEST	1		DIV01_370_About-Divorce_Legal-Proceedings Redirect 1	1560953230099	1560953230339	OK	 
REQUEST	1		DIV01_380_About-Divorce_Financial_Arrangement	1560953237343	1560953237559	OK	 
REQUEST	1		DIV01_380_About-Divorce_Financial_Arrangement Redirect 1	1560953237560	1560953237782	OK	 
REQUEST	1		DIV01_390_About-Divorce_FinancialAdvice	1560953244786	1560953245020	OK	 
REQUEST	1		DIV01_400_About-Divorce_Claim-Costs	1560953252027	1560953252200	OK	 
REQUEST	1		DIV01_400_About-Divorce_Claim-Costs Redirect 1	1560953252201	1560953252436	OK	 
REQUEST	1		DIV01_410_About-Divorce_UploadMarriageCertificate-1MB	1560953259499	1560953262304	OK	 
REQUEST	1		DIV01_410_About-Divorce_UploadMarriageCertificate-1MB Redirect 1	1560953262310	1560953262598	OK	 
REQUEST	1		DIV01_410_About-Divorce_UploadMarriageCertificate-1MB	1560953269607	1560953271517	OK	 
REQUEST	1		DIV01_410_About-Divorce_UploadMarriageCertificate-1MB Redirect 1	1560953271519	1560953271740	OK	 
REQUEST	1		DIV01_410_About-Divorce_UploadMarriageCertificate-1MB	1560953278733	1560953280509	OK	 
REQUEST	1		DIV01_410_About-Divorce_UploadMarriageCertificate-1MB Redirect 1	1560953280511	1560953280753	OK	 
REQUEST	1		DIV01_420_CertificateUpload	1560953287761	1560953288043	OK	 
REQUEST	1		DIV01_420_CertificateUpload Redirect 1	1560953288045	1560953288840	OK	 
REQUEST	1		DIV01_430_Check-Your-Answers	1560953295831	1560953297808	OK	 
REQUEST	1		DIV01_430_Check-Your-Answers Redirect 1	1560953297809	1560953298011	OK	 
USER	Basic Divorce	1	END	1560953006995	1560953305014
