RUN	simulations.Divorce	divorce	1560960076926	 	3.1.1
USER	Basic Divorce	1	START	1560960081016	1560960081016
REQUEST	1		Create IDAM users	1560960081095	1560960093333	OK	 
REQUEST	1		 DIV01_005_LandingPage	1560960093370	1560960093467	OK	 
REQUEST	1		 DIV01_005_LandingPage Redirect 1	1560960093506	1560960094090	OK	 
REQUEST	1		DIV_20_SubmitLogin	1560960101097	1560960101179	OK	 
REQUEST	1		DIV_20_SubmitLogin Redirect 1	1560960101181	1560960101455	OK	 
REQUEST	1		DIV_20_SubmitLogin Redirect 2	1560960101463	1560960102340	OK	 
REQUEST	1		DIV01_030_HasYourMarriageBroken	1560960102363	1560960102533	OK	 
REQUEST	1		DIV01_030_HasYourMarriageBroken Redirect 1	1560960102534	1560960102754	OK	 
REQUEST	1		DIV01_040_RespondantAddress	1560960109739	1560960109976	OK	 
REQUEST	1		DIV01_040_RespondantAddress Redirect 1	1560960109977	1560960110182	OK	 
REQUEST	1		DIV01_050_MarriageCertificate	1560960117191	1560960117412	OK	 
REQUEST	1		DIV01_050_MarriageCertificate Redirect 1	1560960117414	1560960117667	KO	currentLocation.find.is(https://div-pfe-aat.service.core-compute-aat.internal/pay/help/need-help), but actually found https://div-pfe-aat.service.core-compute-aat.internal/screening-questions/financial-remedy
REQUEST	1		DIV_60_NeedHelpWithFeesYes	1560960124658	1560960124896	OK	 
REQUEST	1		DIV_60_NeedHelpWithFeesYes Redirect 1	1560960124898	1560960125151	OK	 
REQUEST	1		DIV_70_HelpWithFees	1560960132149	1560960132416	OK	 
REQUEST	1		DIV_70_HelpWithFees Redirect 1	1560960132417	1560960132644	OK	 
REQUEST	1		DIV01_080_AboutMarriageDetails	1560960139647	1560960139805	OK	 
REQUEST	1		DIV01_080_AboutMarriageDetails Redirect 1	1560960139807	1560960140036	OK	 
REQUEST	1		DIV01_090_DateOfMarriage	1560960147027	1560960147278	OK	 
REQUEST	1		DIV01_090_DateOfMarriage Redirect 1	1560960147280	1560960147466	OK	 
REQUEST	1		DIV01_100_MarriageInTheUK	1560960154469	1560960154639	OK	 
REQUEST	1		DIV01_100_MarriageInTheUK Redirect 1	1560960154641	1560960154828	OK	 
REQUEST	1		DIV01_110_MarriageCertificate	1560960161842	1560960162182	OK	 
REQUEST	1		DIV01_110_MarriageCertificate Redirect 1	1560960162184	1560960162451	OK	 
REQUEST	1		DIV01_120_ForeignCertificate	1560960169440	1560960169624	OK	 
REQUEST	1		DIV01_120_ForeignCertificate Redirect 1	1560960169626	1560960169850	OK	 
REQUEST	1		DIV01_130_HabitualResidence	1560960176860	1560960177052	OK	 
REQUEST	1		DIV01_130_HabitualResidence Redirect 1	1560960177053	1560960177252	OK	 
REQUEST	1		DIV01_140_Domicile	1560960184249	1560960184442	OK	 
REQUEST	1		DIV01_140_Domicile Redirect 1	1560960184443	1560960184672	OK	 
REQUEST	1		DIV01_150_LastHabitualResidence	1560960191682	1560960191886	OK	 
REQUEST	1		DIV01_150_LastHabitualResidence Redirect 1	1560960191887	1560960192097	OK	 
REQUEST	1		DIV01_160_Interstitial	1560960199104	1560960199288	OK	 
REQUEST	1		DIV01_160_Interstitial Redirect 1	1560960199289	1560960199486	OK	 
REQUEST	1		DIV01_170_Confidential	1560960206482	1560960206667	OK	 
REQUEST	1		DIV01_170_Confidential Redirect 1	1560960206668	1560960206862	OK	 
REQUEST	1		DIV01_180_PetitionRespondantNames	1560960213849	1560960214030	OK	 
REQUEST	1		DIV01_180_PetitionRespondantNames Redirect 1	1560960214031	1560960214210	OK	 
REQUEST	1		DIV01_190_NamesOnCertificate	1560960221219	1560960221601	OK	 
REQUEST	1		DIV01_190_NamesOnCertificate Redirect 1	1560960221603	1560960221833	OK	 
REQUEST	1		DIV01_200_ChangeName	1560960228839	1560960229036	OK	 
REQUEST	1		DIV01_200_ChangeName Redirect 1	1560960229037	1560960229235	OK	 
REQUEST	1		DIV01_210_RespondantContactDetails	1560960236228	1560960236444	OK	 
REQUEST	1		DIV01_210_RespondantContactDetails Redirect 1	1560960236445	1560960236677	OK	 
REQUEST	1		DIV01_220_RespondantAddress	1560960243691	1560960243977	OK	 
REQUEST	1		DIV01_220_RespondantAddress Redirect 1	1560960243979	1560960244509	OK	 
REQUEST	1		DIV01_230_Resp_PostCodeToSendPetition	1560960251509	1560960251726	OK	 
REQUEST	1		DIV01_230_Resp_PostCodeToSendPetition Redirect 1	1560960251727	1560960252023	OK	 
REQUEST	1		DIV01_240_Resp_AddressToSendPetition	1560960259020	1560960259339	OK	 
REQUEST	1		DIV01_240_Resp_AddressToSendPetition Redirect 1	1560960259341	1560960259563	OK	 
REQUEST	1		DIV01_250_CorrHomeAddress	1560960266558	1560960266746	OK	 
REQUEST	1		DIV01_250_CorrHomeAddress Redirect 1	1560960266748	1560960266970	OK	 
REQUEST	1		DIV01_260_LiveTogether	1560960273971	1560960274179	OK	 
REQUEST	1		DIV01_260_LiveTogether Redirect 1	1560960274180	1560960274441	OK	 
REQUEST	1		DIV01_270_UseHomeAddress	1560960281449	1560960281658	OK	 
REQUEST	1		DIV01_270_UseHomeAddress Redirect 1	1560960281660	1560960281892	OK	 
REQUEST	1		DIV01_280_ReasonForDivorce	1560960288888	1560960289089	OK	 
REQUEST	1		DIV01_280_ReasonForDivorce Redirect 1	1560960289090	1560960289314	OK	 
REQUEST	1		DIV01_290_Behavioural_Reason	1560960296320	1560960296553	OK	 
REQUEST	1		DIV01_290_Behavioural_Reason Redirect 1	1560960296554	1560960296777	OK	 
REQUEST	1		DIV01_370_About-Divorce_Legal-Proceedings	1560960303783	1560960303990	OK	 
REQUEST	1		DIV01_370_About-Divorce_Legal-Proceedings Redirect 1	1560960303991	1560960304235	OK	 
REQUEST	1		DIV01_380_About-Divorce_Financial_Arrangement	1560960311231	1560960311500	OK	 
REQUEST	1		DIV01_380_About-Divorce_Financial_Arrangement Redirect 1	1560960311500	1560960311672	OK	 
REQUEST	1		DIV01_390_About-Divorce_FinancialAdvice	1560960318666	1560960318891	OK	 
REQUEST	1		DIV01_400_About-Divorce_Claim-Costs	1560960325899	1560960326081	OK	 
REQUEST	1		DIV01_400_About-Divorce_Claim-Costs Redirect 1	1560960326082	1560960326301	OK	 
REQUEST	1		DIV01_410_About-Divorce_UploadMarriageCertificate-5MB	1560960333352	1560960342821	OK	 
REQUEST	1		DIV01_410_About-Divorce_UploadMarriageCertificate-5MB Redirect 1	1560960342825	1560960343229	OK	 
REQUEST	1		DIV01_410_About-Divorce_UploadMarriageCertificate-1MB	1560960350229	1560960353082	OK	 
REQUEST	1		DIV01_410_About-Divorce_UploadMarriageCertificate-1MB Redirect 1	1560960353083	1560960353297	OK	 
REQUEST	1		DIV01_410_About-Divorce_UploadMarriageCertificate-1MB	1560960360301	1560960362572	OK	 
REQUEST	1		DIV01_410_About-Divorce_UploadMarriageCertificate-1MB Redirect 1	1560960362574	1560960362867	OK	 
REQUEST	1		DIV01_420_CertificateUpload	1560960369868	1560960370051	OK	 
REQUEST	1		DIV01_420_CertificateUpload Redirect 1	1560960370052	1560960370818	OK	 
REQUEST	1		DIV01_430_Check-Your-Answers	1560960377821	1560960380043	OK	 
REQUEST	1		DIV01_430_Check-Your-Answers Redirect 1	1560960380044	1560960380301	OK	 
USER	Basic Divorce	1	END	1560960081016	1560960387299
